2018-05-12 22:39:20,390 [Thread-2:10852] [blog.views:34] [views:index] [ERROR]- 'locale' codec can't encode character '\u6587' in position 5: Illegal byte sequence
2018-05-12 22:39:24,974 [Thread-3:15176] [blog.views:34] [views:index] [ERROR]- 'locale' codec can't encode character '\u6587' in position 5: Illegal byte sequence
2018-05-12 22:39:27,048 [Thread-4:14548] [blog.views:34] [views:index] [ERROR]- 'locale' codec can't encode character '\u6587' in position 5: Illegal byte sequence
2018-05-12 22:39:27,828 [Thread-5:4764] [blog.views:34] [views:index] [ERROR]- 'locale' codec can't encode character '\u6587' in position 5: Illegal byte sequence
2018-05-12 22:39:28,458 [Thread-6:2496] [blog.views:34] [views:index] [ERROR]- 'locale' codec can't encode character '\u6587' in position 5: Illegal byte sequence
2018-05-12 22:39:29,008 [Thread-7:8600] [blog.views:34] [views:index] [ERROR]- 'locale' codec can't encode character '\u6587' in position 5: Illegal byte sequence
2018-05-12 22:39:29,413 [Thread-8:13208] [blog.views:34] [views:index] [ERROR]- 'locale' codec can't encode character '\u6587' in position 5: Illegal byte sequence
2018-05-12 22:39:29,612 [Thread-9:6628] [blog.views:34] [views:index] [ERROR]- 'locale' codec can't encode character '\u6587' in position 5: Illegal byte sequence
2018-05-12 22:39:29,813 [Thread-10:12132] [blog.views:34] [views:index] [ERROR]- 'locale' codec can't encode character '\u6587' in position 5: Illegal byte sequence
2018-05-12 22:39:29,979 [Thread-11:6464] [blog.views:34] [views:index] [ERROR]- 'locale' codec can't encode character '\u6587' in position 5: Illegal byte sequence
2018-05-12 22:39:30,229 [Thread-12:5732] [blog.views:34] [views:index] [ERROR]- 'locale' codec can't encode character '\u6587' in position 5: Illegal byte sequence
2018-05-12 22:39:30,698 [Thread-13:9028] [blog.views:34] [views:index] [ERROR]- 'locale' codec can't encode character '\u6587' in position 5: Illegal byte sequence
2018-05-12 22:39:31,127 [Thread-14:8120] [blog.views:34] [views:index] [ERROR]- 'locale' codec can't encode character '\u6587' in position 5: Illegal byte sequence
2018-05-12 22:39:32,127 [Thread-15:6272] [blog.views:34] [views:index] [ERROR]- 'locale' codec can't encode character '\u6587' in position 5: Illegal byte sequence
2018-05-12 22:39:33,086 [Thread-16:14572] [blog.views:34] [views:index] [ERROR]- 'locale' codec can't encode character '\u6587' in position 5: Illegal byte sequence
2018-05-12 22:39:35,012 [Thread-17:5692] [blog.views:34] [views:index] [ERROR]- 'locale' codec can't encode character '\u6587' in position 5: Illegal byte sequence
2018-05-12 22:39:35,802 [Thread-18:3600] [blog.views:34] [views:index] [ERROR]- 'locale' codec can't encode character '\u6587' in position 5: Illegal byte sequence
2018-05-12 22:39:36,521 [Thread-19:14280] [blog.views:34] [views:index] [ERROR]- 'locale' codec can't encode character '\u6587' in position 5: Illegal byte sequence
2018-05-12 22:39:37,190 [Thread-20:6980] [blog.views:34] [views:index] [ERROR]- 'locale' codec can't encode character '\u6587' in position 5: Illegal byte sequence
2018-05-12 22:40:59,015 [Thread-21:13960] [blog.views:34] [views:index] [ERROR]- 'locale' codec can't encode character '\u6587' in position 5: Illegal byte sequence
2018-05-12 22:40:59,815 [Thread-22:12876] [blog.views:34] [views:index] [ERROR]- 'locale' codec can't encode character '\u6587' in position 5: Illegal byte sequence
2018-05-12 22:41:00,485 [Thread-23:10296] [blog.views:34] [views:index] [ERROR]- 'locale' codec can't encode character '\u6587' in position 5: Illegal byte sequence
2018-05-12 22:42:03,033 [Thread-24:10604] [blog.views:34] [views:index] [ERROR]- 'locale' codec can't encode character '\u6587' in position 5: Illegal byte sequence
2018-05-12 22:42:06,469 [Thread-25:9948] [blog.views:34] [views:index] [ERROR]- 'locale' codec can't encode character '\u6587' in position 5: Illegal byte sequence
2018-05-12 22:42:07,405 [Thread-26:2732] [blog.views:34] [views:index] [ERROR]- 'locale' codec can't encode character '\u6587' in position 5: Illegal byte sequence
2018-05-12 22:42:08,002 [Thread-27:13552] [blog.views:34] [views:index] [ERROR]- 'locale' codec can't encode character '\u6587' in position 5: Illegal byte sequence
2018-05-12 22:42:08,195 [Thread-28:11036] [blog.views:34] [views:index] [ERROR]- 'locale' codec can't encode character '\u6587' in position 5: Illegal byte sequence
2018-05-12 22:42:08,599 [Thread-29:13840] [blog.views:34] [views:index] [ERROR]- 'locale' codec can't encode character '\u6587' in position 5: Illegal byte sequence
2018-05-12 22:42:08,921 [Thread-30:11336] [blog.views:34] [views:index] [ERROR]- 'locale' codec can't encode character '\u6587' in position 5: Illegal byte sequence
2018-05-12 22:42:09,248 [Thread-31:4684] [blog.views:34] [views:index] [ERROR]- 'locale' codec can't encode character '\u6587' in position 5: Illegal byte sequence
2018-05-12 22:42:09,566 [Thread-32:13228] [blog.views:34] [views:index] [ERROR]- 'locale' codec can't encode character '\u6587' in position 5: Illegal byte sequence
2018-05-12 22:42:29,541 [Thread-33:14556] [blog.views:34] [views:index] [ERROR]- 'locale' codec can't encode character '\u6587' in position 5: Illegal byte sequence
2018-05-12 22:42:37,639 [Thread-34:8924] [blog.views:34] [views:index] [ERROR]- 'locale' codec can't encode character '\u6587' in position 5: Illegal byte sequence
2018-05-12 22:42:38,617 [Thread-35:13120] [blog.views:34] [views:index] [ERROR]- 'locale' codec can't encode character '\u6587' in position 5: Illegal byte sequence
2018-05-12 22:42:39,423 [Thread-36:8096] [blog.views:34] [views:index] [ERROR]- 'locale' codec can't encode character '\u6587' in position 5: Illegal byte sequence
2018-05-12 22:43:14,910 [Thread-2:10536] [blog.views:35] [views:index] [ERROR]- 'locale' codec can't encode character '\u6587' in position 5: Illegal byte sequence
2018-05-12 22:44:46,993 [Thread-3:5716] [blog.views:35] [views:index] [ERROR]- 'locale' codec can't encode character '\u6587' in position 5: Illegal byte sequence
2018-05-12 22:44:48,286 [Thread-4:12516] [blog.views:35] [views:index] [ERROR]- 'locale' codec can't encode character '\u6587' in position 5: Illegal byte sequence
2018-05-12 22:44:50,101 [Thread-5:11932] [blog.views:35] [views:index] [ERROR]- 'locale' codec can't encode character '\u6587' in position 5: Illegal byte sequence
2018-05-12 22:49:31,368 [Thread-6:13744] [blog.views:35] [views:index] [ERROR]- 'locale' codec can't encode character '\u6587' in position 5: Illegal byte sequence
2018-05-12 22:49:33,972 [Thread-7:6400] [blog.views:35] [views:index] [ERROR]- 'locale' codec can't encode character '\u6587' in position 5: Illegal byte sequence
2018-05-12 22:54:07,016 [Thread-8:4148] [blog.views:35] [views:index] [ERROR]- 'locale' codec can't encode character '\u6587' in position 5: Illegal byte sequence
2018-05-12 22:54:07,810 [Thread-9:1892] [blog.views:35] [views:index] [ERROR]- 'locale' codec can't encode character '\u6587' in position 5: Illegal byte sequence
2018-05-12 22:54:07,996 [Thread-10:7552] [blog.views:35] [views:index] [ERROR]- 'locale' codec can't encode character '\u6587' in position 5: Illegal byte sequence
2018-05-12 22:54:08,361 [Thread-11:14436] [blog.views:35] [views:index] [ERROR]- 'locale' codec can't encode character '\u6587' in position 5: Illegal byte sequence
2018-05-12 22:54:08,565 [Thread-12:2948] [blog.views:35] [views:index] [ERROR]- 'locale' codec can't encode character '\u6587' in position 5: Illegal byte sequence
2018-05-12 22:54:08,871 [Thread-13:12820] [blog.views:35] [views:index] [ERROR]- 'locale' codec can't encode character '\u6587' in position 5: Illegal byte sequence
2018-05-12 22:54:56,935 [Thread-14:10940] [blog.views:35] [views:index] [ERROR]- 'locale' codec can't encode character '\u6587' in position 5: Illegal byte sequence
2018-05-12 22:54:58,278 [Thread-15:8096] [blog.views:35] [views:index] [ERROR]- 'locale' codec can't encode character '\u6587' in position 5: Illegal byte sequence
2018-05-12 23:16:40,844 [Thread-2:15264] [blog.views:53] [views:archive] [ERROR]- Cannot resolve keyword 'date_publish_icontains' into field. Choices are: category, category_id, click_count, comment, content, date_publish, desc, id, is_recommend, tag, title, user, user_id
2018-05-12 23:16:45,267 [Thread-3:1972] [blog.views:53] [views:archive] [ERROR]- Cannot resolve keyword 'date_publish_icontains' into field. Choices are: category, category_id, click_count, comment, content, date_publish, desc, id, is_recommend, tag, title, user, user_id
2018-05-12 23:20:19,211 [Thread-4:13780] [blog.views:53] [views:archive] [ERROR]- Cannot resolve keyword 'date_publish_icontains' into field. Choices are: category, category_id, click_count, comment, content, date_publish, desc, id, is_recommend, tag, title, user, user_id
2018-05-12 23:24:54,374 [Thread-4:5444] [blog.views:53] [views:archive] [ERROR]- unsupported operand type(s) for +: 'NoneType' and 'str'
2018-05-12 23:29:48,126 [Thread-10:8252] [blog.views:53] [views:archive] [ERROR]- unsupported operand type(s) for +: 'NoneType' and 'str'
2018-05-13 21:45:15,492 [Thread-2:6796] [blog.views:92] [views:article] [ERROR]- failure.html
2018-05-13 21:45:46,729 [Thread-6:11640] [blog.views:92] [views:article] [ERROR]- failure.html
2018-05-13 21:45:57,424 [Thread-8:4244] [blog.views:92] [views:article] [ERROR]- failure.html
2018-05-13 21:46:15,946 [Thread-9:9044] [blog.views:92] [views:article] [ERROR]- failure.html
2018-05-13 21:50:59,989 [Thread-23:8692] [blog.views:92] [views:article] [ERROR]- failure.html
2018-05-13 21:51:41,517 [Thread-29:13928] [blog.views:92] [views:article] [ERROR]- failure.html
2018-05-13 22:05:46,237 [Thread-101:11564] [blog.views:92] [views:article] [ERROR]- failure.html
2018-05-13 22:15:40,235 [Thread-5:4788] [blog.views:92] [views:article] [ERROR]- name 'CommentForm' is not defined
2018-05-13 22:15:43,098 [Thread-13:13636] [blog.views:92] [views:article] [ERROR]- name 'CommentForm' is not defined
2018-05-13 22:15:46,539 [Thread-14:6560] [blog.views:92] [views:article] [ERROR]- name 'CommentForm' is not defined
2018-05-13 22:15:48,162 [Thread-15:15264] [blog.views:92] [views:article] [ERROR]- name 'CommentForm' is not defined
2018-05-13 22:21:32,748 [Thread-21:6108] [blog.views:92] [views:article] [ERROR]- name 'CommentForm' is not defined
2018-05-13 22:21:39,201 [Thread-2:3432] [blog.views:93] [views:article] [ERROR]- 'bool' object is not callable
2018-05-13 22:21:41,966 [Thread-4:13184] [blog.views:93] [views:article] [ERROR]- 'bool' object is not callable
2018-05-13 22:27:15,835 [Thread-2:2188] [blog.views:98] [views:article] [ERROR]- 'bool' object is not callable
2018-05-13 22:27:59,109 [Thread-2:9540] [blog.views:98] [views:article] [ERROR]- 'bool' object is not callable
2018-05-13 22:28:03,570 [Thread-7:4440] [blog.views:98] [views:article] [ERROR]- 'bool' object is not callable
2018-05-13 22:33:53,886 [Thread-3:14060] [blog.views:98] [views:article] [ERROR]- 'bool' object is not callable
2018-05-13 22:34:02,233 [Thread-11:10908] [blog.views:98] [views:article] [ERROR]- 'bool' object is not callable
2018-05-13 22:34:05,958 [Thread-12:10288] [blog.views:98] [views:article] [ERROR]- 'bool' object is not callable
2018-05-13 22:47:46,783 [Thread-10:11976] [blog.views:97] [views:article] [ERROR]- 'bool' object is not callable
2018-05-13 22:54:06,470 [Thread-12:816] [blog.views:97] [views:article] [ERROR]- 'bool' object is not callable
2018-05-13 22:54:47,411 [Thread-14:8304] [blog.views:97] [views:article] [ERROR]- 'bool' object is not callable
2018-05-13 23:03:00,728 [Thread-16:14444] [blog.views:97] [views:article] [ERROR]- 'bool' object is not callable
2018-05-13 23:03:00,736 [Thread-28:12160] [blog.views:97] [views:article] [ERROR]- 'bool' object is not callable
2018-05-13 23:03:00,761 [Thread-18:14948] [blog.views:97] [views:article] [ERROR]- 'bool' object is not callable
2018-05-13 23:03:18,106 [Thread-2:6436] [blog.views:97] [views:article] [ERROR]- 'bool' object is not callable
2018-05-14 00:01:16,837 [Thread-2:13068] [blog.views:97] [views:article] [ERROR]- 'bool' object is not callable
2018-05-14 00:01:36,907 [Thread-8:9860] [blog.views:97] [views:article] [ERROR]- 'bool' object is not callable
2018-05-14 00:02:19,000 [Thread-2:1000] [blog.views:98] [views:article] [ERROR]- 'bool' object is not callable
2018-05-14 00:02:50,479 [Thread-6:5172] [blog.views:98] [views:article] [ERROR]- 'bool' object is not callable
2018-05-14 00:04:19,762 [Thread-2:992] [blog.views:98] [views:article] [ERROR]- 'bool' object is not callable
2018-05-14 00:05:40,779 [Thread-4:6928] [blog.views:98] [views:article] [ERROR]- 'bool' object is not callable
2018-05-14 00:07:29,933 [Thread-2:10844] [blog.views:98] [views:article] [ERROR]- 'bool' object is not callable
2018-05-14 00:09:58,691 [Thread-2:5772] [blog.views:98] [views:article] [ERROR]- 'bool' object is not callable
2018-05-14 00:10:58,675 [Thread-2:8052] [blog.views:97] [views:article] [ERROR]- 'bool' object is not callable
2018-05-14 00:11:53,098 [Thread-2:10200] [blog.views:97] [views:article] [ERROR]- 'bool' object is not callable
2018-05-14 00:20:45,416 [Thread-5:12052] [blog.views:97] [views:article] [ERROR]- 'bool' object is not callable
2018-05-14 00:23:11,092 [Thread-2:9492] [blog.views:97] [views:article] [ERROR]- 'bool' object is not callable
2018-05-14 00:23:44,679 [Thread-8:11640] [blog.views:97] [views:article] [ERROR]- 'bool' object is not callable
2018-05-14 00:27:48,116 [Thread-4:10428] [blog.views:97] [views:article] [ERROR]- 'bool' object is not callable
2018-05-14 00:31:39,466 [Thread-2:3084] [blog.views:97] [views:article] [ERROR]- 'bool' object is not callable
2018-05-14 00:34:36,398 [Thread-2:9060] [blog.views:97] [views:article] [ERROR]- 'bool' object is not callable
2018-05-14 00:37:03,145 [Thread-2:8180] [blog.views:97] [views:article] [ERROR]- 'bool' object is not callable
2018-05-14 00:39:09,747 [Thread-2:7532] [blog.views:97] [views:article] [ERROR]- 'bool' object is not callable
2018-05-14 00:39:59,463 [Thread-4:7100] [blog.views:97] [views:article] [ERROR]- 'bool' object is not callable
2018-05-14 00:40:13,139 [Thread-2:9832] [blog.views:97] [views:article] [ERROR]- 'bool' object is not callable
2018-05-14 00:40:18,845 [Thread-6:7020] [blog.views:97] [views:article] [ERROR]- 'bool' object is not callable
2018-05-15 14:57:54,095 [Thread-4:8500] [blog.views:97] [views:article] [ERROR]- 'bool' object is not callable
2018-05-15 14:59:24,325 [Thread-10:3140] [blog.views:97] [views:article] [ERROR]- 'bool' object is not callable
2018-05-15 15:07:27,903 [Thread-11:3516] [blog.views:97] [views:article] [ERROR]- 'bool' object is not callable
2018-05-15 15:20:45,998 [Thread-12:15172] [blog.views:97] [views:article] [ERROR]- 'bool' object is not callable
2018-05-15 15:20:49,447 [Thread-13:7956] [blog.views:97] [views:article] [ERROR]- 'bool' object is not callable
2018-05-15 15:24:19,284 [Thread-2:14024] [blog.views:97] [views:article] [ERROR]- 'bool' object is not callable
2018-05-15 15:24:24,760 [Thread-3:2956] [blog.views:97] [views:article] [ERROR]- 'bool' object is not callable
2018-05-15 15:24:26,864 [Thread-4:14252] [blog.views:97] [views:article] [ERROR]- 'bool' object is not callable
2018-05-15 15:25:10,887 [Thread-5:10104] [blog.views:97] [views:article] [ERROR]- 'bool' object is not callable
2018-05-15 15:29:39,296 [Thread-2:14628] [blog.views:99] [views:article] [ERROR]- 'bool' object is not callable
2018-05-15 15:31:40,504 [Thread-4:11592] [blog.views:99] [views:article] [ERROR]- 'bool' object is not callable
2018-05-15 15:32:33,015 [Thread-2:8780] [blog.views:99] [views:article] [ERROR]- 'bool' object is not callable
2018-05-15 15:34:20,689 [Thread-2:7756] [blog.views:99] [views:article] [ERROR]- 'bool' object is not callable
2018-05-15 15:36:54,441 [Thread-2:5736] [blog.views:101] [views:article] [ERROR]- 'bool' object is not callable
2018-05-15 15:39:11,961 [Thread-7:1936] [blog.views:101] [views:article] [ERROR]- 'bool' object is not callable
2018-05-15 15:41:09,769 [Thread-2:4892] [blog.views:101] [views:article] [ERROR]- 'bool' object is not callable
2018-05-15 15:42:06,411 [Thread-7:13556] [blog.views:101] [views:article] [ERROR]- 'bool' object is not callable
2018-05-15 15:42:41,293 [Thread-12:6404] [blog.views:101] [views:article] [ERROR]- 'bool' object is not callable
2018-05-15 15:44:57,176 [Thread-17:4684] [blog.views:101] [views:article] [ERROR]- 'bool' object is not callable
2018-05-15 15:45:57,209 [Thread-3:568] [blog.views:99] [views:article] [ERROR]- 'bool' object is not callable
2018-05-15 15:46:51,966 [Thread-4:11272] [blog.views:99] [views:article] [ERROR]- 'bool' object is not callable
2018-05-15 15:46:57,260 [Thread-2:12728] [blog.views:99] [views:article] [ERROR]- 'bool' object is not callable
2018-05-15 15:47:00,504 [Thread-8:10304] [blog.views:99] [views:article] [ERROR]- 'bool' object is not callable
2018-05-15 15:47:47,944 [Thread-2:10764] [blog.views:99] [views:article] [ERROR]- 'bool' object is not callable
2018-05-15 15:48:03,208 [Thread-8:9972] [blog.views:99] [views:article] [ERROR]- 'bool' object is not callable
2018-05-15 15:49:12,307 [Thread-14:12040] [blog.views:99] [views:article] [ERROR]- 'bool' object is not callable
2018-05-15 15:49:15,563 [Thread-15:12084] [blog.views:99] [views:article] [ERROR]- 'bool' object is not callable
2018-05-15 15:52:39,196 [Thread-2:10544] [blog.views:97] [views:article] [ERROR]- 'bool' object is not callable
2018-05-15 16:04:16,947 [Thread-2:3976] [blog.views:99] [views:article] [ERROR]- __str__ returned non-string (type Comment)
2018-05-15 16:06:47,420 [Thread-2:13616] [blog.views:99] [views:article] [ERROR]- __str__ returned non-string (type int)
2018-05-15 16:07:35,462 [Thread-7:928] [blog.views:99] [views:article] [ERROR]- __str__ returned non-string (type int)
2018-05-15 16:07:42,607 [Thread-2:4684] [blog.views:99] [views:article] [ERROR]- __str__ returned non-string (type int)
2018-05-15 16:07:44,751 [Thread-3:11352] [blog.views:99] [views:article] [ERROR]- __str__ returned non-string (type int)
2018-05-15 16:07:46,984 [Thread-4:5768] [blog.views:99] [views:article] [ERROR]- __str__ returned non-string (type int)
2018-05-15 16:43:26,322 [Thread-12:8840] [blog.views:96] [views:article] [ERROR]- 'bool' object is not callable
2018-05-15 16:43:30,652 [Thread-13:11364] [blog.views:96] [views:article] [ERROR]- 'bool' object is not callable
2018-05-15 16:44:05,321 [Thread-2:12084] [blog.views:96] [views:article] [ERROR]- 'bool' object is not callable
2018-05-15 16:44:09,788 [Thread-8:12480] [blog.views:96] [views:article] [ERROR]- 'bool' object is not callable
2018-05-15 16:44:12,530 [Thread-9:11148] [blog.views:96] [views:article] [ERROR]- 'bool' object is not callable
2018-05-15 16:44:15,290 [Thread-10:13560] [blog.views:96] [views:article] [ERROR]- 'bool' object is not callable
2018-05-15 16:44:41,221 [Thread-16:7692] [blog.views:96] [views:article] [ERROR]- 'bool' object is not callable
2018-05-15 16:44:47,404 [Thread-2:10000] [blog.views:96] [views:article] [ERROR]- 'bool' object is not callable
2018-05-15 16:45:15,970 [Thread-5:6744] [blog.views:96] [views:article] [ERROR]- 'bool' object is not callable
2018-05-15 22:38:53,916 [Thread-13:5736] [blog.views:170] [views:comment_post] [ERROR]- 'bool' object is not callable
2018-05-15 23:44:44,857 [Thread-6:14660] [blog.views:93] [views:article] [ERROR]- The following fields do not exist in this model or are m2m fields: clock_count
2018-05-15 23:45:03,269 [Thread-10:13180] [blog.views:93] [views:article] [ERROR]- The following fields do not exist in this model or are m2m fields: clock_count
2018-05-15 23:45:15,440 [Thread-12:7860] [blog.views:93] [views:article] [ERROR]- The following fields do not exist in this model or are m2m fields: clock_count
2018-05-15 23:46:15,773 [Thread-13:14272] [blog.views:93] [views:article] [ERROR]- The following fields do not exist in this model or are m2m fields: clock_count
2018-05-15 23:46:17,154 [Thread-14:10004] [blog.views:93] [views:article] [ERROR]- The following fields do not exist in this model or are m2m fields: clock_count
2018-05-15 23:49:13,512 [Thread-2:1416] [blog.views:92] [views:article] [ERROR]- The following fields do not exist in this model or are m2m fields: clock_count
2018-05-15 23:49:19,686 [Thread-3:4992] [blog.views:92] [views:article] [ERROR]- The following fields do not exist in this model or are m2m fields: clock_count
2018-05-15 23:49:39,538 [Thread-7:4204] [blog.views:92] [views:article] [ERROR]- The following fields do not exist in this model or are m2m fields: clock_count
2018-05-15 23:50:21,716 [Thread-8:7824] [blog.views:92] [views:article] [ERROR]- The following fields do not exist in this model or are m2m fields: clock_count
2018-05-15 23:50:24,386 [Thread-9:14720] [blog.views:92] [views:article] [ERROR]- The following fields do not exist in this model or are m2m fields: clock_count
2018-05-15 23:50:27,523 [Thread-10:2952] [blog.views:92] [views:article] [ERROR]- The following fields do not exist in this model or are m2m fields: clock_count
2018-05-15 23:50:28,752 [Thread-11:13384] [blog.views:92] [views:article] [ERROR]- The following fields do not exist in this model or are m2m fields: clock_count
2018-05-15 23:50:35,720 [Thread-13:2192] [blog.views:92] [views:article] [ERROR]- The following fields do not exist in this model or are m2m fields: clock_count
2018-05-15 23:57:32,914 [Thread-5:3248] [blog.views:92] [views:article] [ERROR]- The following fields do not exist in this model or are m2m fields: clock_count
